<?xml version="1.0" encoding="utf-8"?><testsuites name="pytest tests"><testsuite name="pytest" errors="0" failures="0" skipped="0" tests="19" time="4.576" timestamp="2026-04-21T12:32:59.979493+00:00" hostname="agent-env-32afa6c7-75d5-4dc2-befe-cab0bd3d4211"><testcase classname="backend.tests.test_phase4_api.TestExampleLuaEndpoints" name="test_toolkit_esp_lua_returns_200" time="0.357" /><testcase classname="backend.tests.test_phase4_api.TestExampleLuaEndpoints" name="test_toolkit_esp_lua_has_cors_header" time="0.116" /><testcase classname="backend.tests.test_phase4_api.TestExampleLuaEndpoints" name="test_toolkit_esp_lua_body_starts_with_lua_code" time="0.110" /><testcase classname="backend.tests.test_phase4_api.TestExampleLuaEndpoints" name="test_hello_world_lua_returns_200" time="0.109" /><testcase classname="backend.tests.test_phase4_api.TestExampleLuaEndpoints" name="test_nonexistent_example_returns_404" time="0.109" /><testcase classname="backend.tests.test_phase4_api.TestVersionEndpoint" name="test_version_returns_200_json" time="0.108" /><testcase classname="backend.tests.test_phase4_api.TestVersionEndpoint" name="test_version_has_correct_structure" time="0.112" /><testcase classname="backend.tests.test_phase4_api.TestVersionedLuaEndpoints" name="test_versioned_lua_1_0_0_returns_200" time="0.116" /><testcase classname="backend.tests.test_phase4_api.TestVersionedLuaEndpoints" name="test_versioned_lua_1_0_0_starts_with_header" time="0.121" /><testcase classname="backend.tests.test_phase4_api.TestVersionedLuaEndpoints" name="test_nonexistent_version_returns_404" time="0.139" /><testcase classname="backend.tests.test_phase4_api.TestStatsEndpoint" name="test_stats_returns_200_json" time="0.105" /><testcase classname="backend.tests.test_phase4_api.TestStatsEndpoint" name="test_stats_loads_is_at_least_1_after_warmup" time="0.525" /><testcase classname="backend.tests.test_phase4_api.TestStatsIncrement" name="test_spaceui_lua_increments_stats" time="1.089" /><testcase classname="backend.tests.test_phase4_api.TestStatsIncrement" name="test_versioned_lua_also_increments_stats" time="0.635" /><testcase classname="backend.tests.test_phase4_api.TestRegressionPhase1" name="test_health_endpoint" time="0.127" /><testcase classname="backend.tests.test_phase4_api.TestRegressionPhase1" name="test_spaceui_lua_endpoint" time="0.152" /><testcase classname="backend.tests.test_phase4_api.TestRegressionPhase3" name="test_components_endpoint" time="0.113" /><testcase classname="backend.tests.test_phase4_api.TestRegressionPhase3" name="test_examples_endpoint" time="0.132" /><testcase classname="backend.tests.test_phase4_api.TestRegressionPhase3" name="test_methods_endpoint" time="0.119" /></testsuite></testsuites>