<?xml version="1.0" encoding="utf-8"?><testsuites name="pytest tests"><testsuite name="pytest" errors="0" failures="0" skipped="0" tests="8" time="1.030" timestamp="2026-04-21T11:36:08.919552+00:00" hostname="agent-env-32afa6c7-75d5-4dc2-befe-cab0bd3d4211"><testcase classname="tests.test_api.TestHealthEndpoint" name="test_health_returns_200" time="0.167" /><testcase classname="tests.test_api.TestHealthEndpoint" name="test_health_returns_correct_json" time="0.140" /><testcase classname="tests.test_api.TestSpaceUILuaEndpoint" name="test_spaceui_lua_returns_200" time="0.111" /><testcase classname="tests.test_api.TestSpaceUILuaEndpoint" name="test_spaceui_lua_content_type" time="0.101" /><testcase classname="tests.test_api.TestSpaceUILuaEndpoint" name="test_spaceui_lua_cors_header" time="0.101" /><testcase classname="tests.test_api.TestSpaceUILuaEndpoint" name="test_spaceui_lua_body_content" time="0.096" /><testcase classname="tests.test_api.TestOpenAPIEndpoint" name="test_openapi_docs_accessible" time="0.127" /><testcase classname="tests.test_api.TestOpenAPIEndpoint" name="test_openapi_json_accessible" time="0.108" /></testsuite></testsuites>