<?xml version="1.0" encoding="utf-8"?><testsuites name="pytest tests"><testsuite name="pytest" errors="0" failures="0" skipped="0" tests="18" time="2.820" timestamp="2026-04-21T12:09:15.759803+00:00" hostname="agent-env-32afa6c7-75d5-4dc2-befe-cab0bd3d4211"><testcase classname="backend.tests.test_phase3_api.TestComponentsEndpoint" name="test_components_returns_200" time="0.205" /><testcase classname="backend.tests.test_phase3_api.TestComponentsEndpoint" name="test_components_returns_json_array" time="0.217" /><testcase classname="backend.tests.test_phase3_api.TestComponentsEndpoint" name="test_components_has_exactly_14_items" time="0.143" /><testcase classname="backend.tests.test_phase3_api.TestComponentsEndpoint" name="test_components_have_required_fields" time="0.172" /><testcase classname="backend.tests.test_phase3_api.TestComponentsEndpoint" name="test_components_ids_match_expected" time="0.132" /><testcase classname="backend.tests.test_phase3_api.TestExamplesEndpoint" name="test_examples_returns_200" time="0.209" /><testcase classname="backend.tests.test_phase3_api.TestExamplesEndpoint" name="test_examples_returns_json_array" time="0.163" /><testcase classname="backend.tests.test_phase3_api.TestExamplesEndpoint" name="test_examples_has_exactly_3_items" time="0.105" /><testcase classname="backend.tests.test_phase3_api.TestExamplesEndpoint" name="test_examples_ids_match_expected" time="0.112" /><testcase classname="backend.tests.test_phase3_api.TestExamplesEndpoint" name="test_toolkit_esp_is_featured" time="0.137" /><testcase classname="backend.tests.test_phase3_api.TestExamplesEndpoint" name="test_toolkit_esp_has_200_plus_lines" time="0.108" /><testcase classname="backend.tests.test_phase3_api.TestExamplesEndpoint" name="test_toolkit_esp_monochrome_colors_only" time="0.154" /><testcase classname="backend.tests.test_phase3_api.TestMethodsEndpoint" name="test_methods_returns_200" time="0.161" /><testcase classname="backend.tests.test_phase3_api.TestMethodsEndpoint" name="test_methods_returns_json_array" time="0.139" /><testcase classname="backend.tests.test_phase3_api.TestMethodsEndpoint" name="test_methods_has_20_plus_items" time="0.123" /><testcase classname="backend.tests.test_phase3_api.TestMethodsEndpoint" name="test_methods_have_required_fields" time="0.141" /><testcase classname="backend.tests.test_phase3_api.TestPhase1Regression" name="test_health_endpoint" time="0.140" /><testcase classname="backend.tests.test_phase3_api.TestPhase1Regression" name="test_spaceui_lua_endpoint" time="0.134" /></testsuite></testsuites>